2017/04/06-17:46 [main] DEBUG fish.yu.dao.MyPermissionInitMapper.selectAll- ==>  Preparing: SELECT * FROM t_permission_init ORDER BY sort ASC 
2017/04/06-17:46 [main] DEBUG fish.yu.dao.MyPermissionInitMapper.selectAll- ==> Parameters: 
2017/04/06-17:46 [main] DEBUG fish.yu.dao.MyPermissionInitMapper.selectAll- <==      Total: 12
2017/04/06-18:03 [main] DEBUG fish.yu.dao.MyPermissionInitMapper.selectAll- ==>  Preparing: SELECT * FROM t_permission_init ORDER BY sort ASC 
2017/04/06-18:03 [main] DEBUG fish.yu.dao.MyPermissionInitMapper.selectAll- ==> Parameters: 
2017/04/06-18:03 [main] DEBUG fish.yu.dao.MyPermissionInitMapper.selectAll- <==      Total: 12
2017/04/06-18:03 [http-nio-8080-exec-2] DEBUG fish.yu.dao.UserMapper.selectPage- ==>  Preparing: SELECT id,nickName,pswd AS `password`,salt,email,create_time AS createTime,last_login_time AS lastLoginTime,`status` FROM t_user LIMIT 0,10 
2017/04/06-18:03 [http-nio-8080-exec-2] DEBUG fish.yu.dao.UserMapper.selectPage- ==> Parameters: 
2017/04/06-18:03 [http-nio-8080-exec-2] DEBUG fish.yu.dao.UserMapper.selectPage- <==      Total: 7
2017/04/06-18:03 [http-nio-8080-exec-2] DEBUG fish.yu.dao.UserMapper.selectRolesByUserIds- ==>  Preparing: select uur.id,uur.nickname ,tr.id as rid ,tr.name as rname,tr.type as rtype from (select tu.id,tu.nickname,ur.role_id,ur.user_id from t_user tu left join t_user_role ur on tu.id=ur.user_id)uur left join t_role tr on tr.id=uur.role_id where uur.id in ( ? , ? , ? , ? , ? , ? , ? ) 
2017/04/06-18:03 [http-nio-8080-exec-2] DEBUG fish.yu.dao.UserMapper.selectRolesByUserIds- ==> Parameters: 3(String), 2(String), 1(String), 6(String), 5(String), 41f0adf2e3584e9ca0627e2d62323ca0(String), 4(String)
2017/04/06-18:03 [http-nio-8080-exec-2] DEBUG fish.yu.dao.UserMapper.selectRolesByUserIds- <==      Total: 13
2017/04/06-18:03 [http-nio-8080-exec-2] DEBUG fish.yu.dao.RoleMapper.selectPermissionsByRoleIds- ==>  Preparing: SELECT rrp.id as rid,rrp.name AS rname ,rrp.type AS rtype,tp.id As pid,tp.name AS pname,tp.url AS purl FROM (SELECT tr.id,tr.name,tr.type,rp.role_id,rp.permission_id FROM t_role tr LEFT JOIN t_role_permission rp ON tr.id=rp.role_id)rrp LEFT JOIN t_permission tp ON rrp.permission_id=tp.id WHERE rrp.role_id IN ( ? , ? , ? , ? , ? , ? ) 
2017/04/06-18:03 [http-nio-8080-exec-2] DEBUG fish.yu.dao.RoleMapper.selectPermissionsByRoleIds- ==> Parameters: 3(String), 2(String), 10(String), 1(String), 5(String), 4(String)
2017/04/06-18:03 [http-nio-8080-exec-2] DEBUG fish.yu.dao.RoleMapper.selectPermissionsByRoleIds- <==      Total: 11
2017/04/06-18:03 [http-nio-8080-exec-2] DEBUG fish.yu.dao.UserMapper.selectGroupsByUserIds- ==>  Preparing: SELECT uug.id,uug.nickname ,tg.id AS gid ,tg.name AS gname,tg.type AS gtype FROM (SELECT tu.id,tu.nickname,ug.group_id,ug.user_id FROM t_user tu LEFT JOIN t_user_group ug ON tu.id=ug.user_id)uug LEFT JOIN t_group tg ON tg.id=uug.group_id where uug.id in ( ? , ? , ? , ? , ? , ? , ? ) 
2017/04/06-18:03 [http-nio-8080-exec-2] DEBUG fish.yu.dao.UserMapper.selectGroupsByUserIds- ==> Parameters: 3(String), 2(String), 1(String), 6(String), 5(String), 41f0adf2e3584e9ca0627e2d62323ca0(String), 4(String)
2017/04/06-18:03 [http-nio-8080-exec-2] DEBUG fish.yu.dao.UserMapper.selectGroupsByUserIds- <==      Total: 14
2017/04/06-18:03 [http-nio-8080-exec-2] DEBUG fish.yu.dao.GroupMapper.selectRolesByGroupIds- ==>  Preparing: SELECT ggr.id AS gid,ggr.name AS gname ,ggr.type AS gtype,tr.id AS rid,tr.name AS rname,tr.type AS rtype FROM (SELECT tg.id,tg.name,tg.type,gr.group_id,gr.role_id FROM t_group tg LEFT JOIN t_group_role gr ON tg.id=gr.group_id)ggr LEFT JOIN t_role tr ON ggr.role_id=tr.id WHERE ggr.group_id IN ( ? , ? , ? , ? , ? ) 
2017/04/06-18:03 [http-nio-8080-exec-2] DEBUG fish.yu.dao.GroupMapper.selectRolesByGroupIds- ==> Parameters: 3(String), 2(String), 1(String), 4(String), 6efcff8c5f6c4cbdac720af4116095fe(String)
2017/04/06-18:03 [http-nio-8080-exec-2] DEBUG fish.yu.dao.GroupMapper.selectRolesByGroupIds- <==      Total: 5
2017/04/06-18:03 [http-nio-8080-exec-2] DEBUG fish.yu.dao.RoleMapper.selectPermissionsByRoleIds- ==>  Preparing: SELECT rrp.id as rid,rrp.name AS rname ,rrp.type AS rtype,tp.id As pid,tp.name AS pname,tp.url AS purl FROM (SELECT tr.id,tr.name,tr.type,rp.role_id,rp.permission_id FROM t_role tr LEFT JOIN t_role_permission rp ON tr.id=rp.role_id)rrp LEFT JOIN t_permission tp ON rrp.permission_id=tp.id WHERE rrp.role_id IN ( ? , ? , ? , ? , ? ) 
2017/04/06-18:03 [http-nio-8080-exec-2] DEBUG fish.yu.dao.RoleMapper.selectPermissionsByRoleIds- ==> Parameters: 10(String), 7(String), 4bead02397d7453ab1fff444400d49f2(String), 9(String), 8(String)
2017/04/06-18:03 [http-nio-8080-exec-2] DEBUG fish.yu.dao.RoleMapper.selectPermissionsByRoleIds- <==      Total: 5
2017/04/06-18:03 [main] DEBUG fish.yu.dao.MyPermissionInitMapper.selectAll- ==>  Preparing: SELECT * FROM t_permission_init ORDER BY sort ASC 
2017/04/06-18:03 [main] DEBUG fish.yu.dao.MyPermissionInitMapper.selectAll- ==> Parameters: 
2017/04/06-18:03 [main] DEBUG fish.yu.dao.MyPermissionInitMapper.selectAll- <==      Total: 12
2017/04/06-18:04 [main] ERROR org.apache.coyote.http11.Http11NioProtocol- Failed to start end point associated with ProtocolHandler [http-nio-8080]
java.net.BindException: Address already in use: bind
	at sun.nio.ch.Net.bind0(Native Method)
	at sun.nio.ch.Net.bind(Net.java:344)
	at sun.nio.ch.Net.bind(Net.java:336)
	at sun.nio.ch.ServerSocketChannelImpl.bind(ServerSocketChannelImpl.java:199)
	at sun.nio.ch.ServerSocketAdaptor.bind(ServerSocketAdaptor.java:74)
	at org.apache.tomcat.util.net.NioEndpoint.bind(NioEndpoint.java:228)
	at org.apache.tomcat.util.net.AbstractEndpoint.start(AbstractEndpoint.java:874)
	at org.apache.coyote.AbstractProtocol.start(AbstractProtocol.java:590)
	at org.apache.catalina.connector.Connector.startInternal(Connector.java:969)
	at org.apache.catalina.util.LifecycleBase.start(LifecycleBase.java:150)
	at org.apache.catalina.core.StandardService.addConnector(StandardService.java:225)
	at org.springframework.boot.context.embedded.tomcat.TomcatEmbeddedServletContainer.addPreviouslyRemovedConnectors(TomcatEmbeddedServletContainer.java:233)
	at org.springframework.boot.context.embedded.tomcat.TomcatEmbeddedServletContainer.start(TomcatEmbeddedServletContainer.java:178)
	at org.springframework.boot.context.embedded.EmbeddedWebApplicationContext.startEmbeddedServletContainer(EmbeddedWebApplicationContext.java:297)
	at org.springframework.boot.context.embedded.EmbeddedWebApplicationContext.finishRefresh(EmbeddedWebApplicationContext.java:145)
	at org.springframework.context.support.AbstractApplicationContext.refresh(AbstractApplicationContext.java:544)
	at org.springframework.boot.context.embedded.EmbeddedWebApplicationContext.refresh(EmbeddedWebApplicationContext.java:122)
	at org.springframework.boot.SpringApplication.refresh(SpringApplication.java:761)
	at org.springframework.boot.SpringApplication.refreshContext(SpringApplication.java:371)
	at org.springframework.boot.SpringApplication.run(SpringApplication.java:315)
	at org.springframework.boot.SpringApplication.run(SpringApplication.java:1186)
	at org.springframework.boot.SpringApplication.run(SpringApplication.java:1175)
	at fish.yu.ApplicationMain.main(ApplicationMain.java:34)
2017/04/06-18:04 [main] ERROR org.apache.catalina.core.StandardService- Failed to start connector [Connector[HTTP/1.1-8080]]
org.apache.catalina.LifecycleException: Failed to start component [Connector[HTTP/1.1-8080]]
	at org.apache.catalina.util.LifecycleBase.start(LifecycleBase.java:167)
	at org.apache.catalina.core.StandardService.addConnector(StandardService.java:225)
	at org.springframework.boot.context.embedded.tomcat.TomcatEmbeddedServletContainer.addPreviouslyRemovedConnectors(TomcatEmbeddedServletContainer.java:233)
	at org.springframework.boot.context.embedded.tomcat.TomcatEmbeddedServletContainer.start(TomcatEmbeddedServletContainer.java:178)
	at org.springframework.boot.context.embedded.EmbeddedWebApplicationContext.startEmbeddedServletContainer(EmbeddedWebApplicationContext.java:297)
	at org.springframework.boot.context.embedded.EmbeddedWebApplicationContext.finishRefresh(EmbeddedWebApplicationContext.java:145)
	at org.springframework.context.support.AbstractApplicationContext.refresh(AbstractApplicationContext.java:544)
	at org.springframework.boot.context.embedded.EmbeddedWebApplicationContext.refresh(EmbeddedWebApplicationContext.java:122)
	at org.springframework.boot.SpringApplication.refresh(SpringApplication.java:761)
	at org.springframework.boot.SpringApplication.refreshContext(SpringApplication.java:371)
	at org.springframework.boot.SpringApplication.run(SpringApplication.java:315)
	at org.springframework.boot.SpringApplication.run(SpringApplication.java:1186)
	at org.springframework.boot.SpringApplication.run(SpringApplication.java:1175)
	at fish.yu.ApplicationMain.main(ApplicationMain.java:34)
Caused by: org.apache.catalina.LifecycleException: service.getName(): "Tomcat";  Protocol handler start failed
	at org.apache.catalina.connector.Connector.startInternal(Connector.java:976)
	at org.apache.catalina.util.LifecycleBase.start(LifecycleBase.java:150)
	... 13 common frames omitted
Caused by: java.net.BindException: Address already in use: bind
	at sun.nio.ch.Net.bind0(Native Method)
	at sun.nio.ch.Net.bind(Net.java:344)
	at sun.nio.ch.Net.bind(Net.java:336)
	at sun.nio.ch.ServerSocketChannelImpl.bind(ServerSocketChannelImpl.java:199)
	at sun.nio.ch.ServerSocketAdaptor.bind(ServerSocketAdaptor.java:74)
	at org.apache.tomcat.util.net.NioEndpoint.bind(NioEndpoint.java:228)
	at org.apache.tomcat.util.net.AbstractEndpoint.start(AbstractEndpoint.java:874)
	at org.apache.coyote.AbstractProtocol.start(AbstractProtocol.java:590)
	at org.apache.catalina.connector.Connector.startInternal(Connector.java:969)
	... 14 common frames omitted
2017/04/06-18:04 [main] ERROR org.springframework.boot.diagnostics.LoggingFailureAnalysisReporter- 

***************************
APPLICATION FAILED TO START
***************************

Description:

The Tomcat connector configured to listen on port 8080 failed to start. The port may already be in use or the connector may be misconfigured.

Action:

Verify the connector's configuration, identify and stop any process that's listening on port 8080, or configure this application to listen on another port.

2017/04/06-18:04 [main] DEBUG fish.yu.dao.MyPermissionInitMapper.selectAll- ==>  Preparing: SELECT * FROM t_permission_init ORDER BY sort ASC 
2017/04/06-18:04 [main] DEBUG fish.yu.dao.MyPermissionInitMapper.selectAll- ==> Parameters: 
2017/04/06-18:04 [main] DEBUG fish.yu.dao.MyPermissionInitMapper.selectAll- <==      Total: 12
2017/04/06-18:07 [main] DEBUG fish.yu.dao.MyPermissionInitMapper.selectAll- ==>  Preparing: SELECT * FROM t_permission_init ORDER BY sort ASC 
2017/04/06-18:07 [main] DEBUG fish.yu.dao.MyPermissionInitMapper.selectAll- ==> Parameters: 
2017/04/06-18:07 [main] DEBUG fish.yu.dao.MyPermissionInitMapper.selectAll- <==      Total: 12
2017/04/06-18:08 [main] DEBUG fish.yu.dao.MyPermissionInitMapper.selectAll- ==>  Preparing: SELECT * FROM t_permission_init ORDER BY sort ASC 
2017/04/06-18:08 [main] DEBUG fish.yu.dao.MyPermissionInitMapper.selectAll- ==> Parameters: 
2017/04/06-18:08 [main] DEBUG fish.yu.dao.MyPermissionInitMapper.selectAll- <==      Total: 12
2017/04/06-18:08 [http-nio-8080-exec-2] DEBUG fish.yu.dao.UserMapper.selectGroupsByUserId- ==>  Preparing: SELECT uug.id,uug.nickname ,tg.id AS gid ,tg.name AS gname,tg.type AS gtype FROM (SELECT tu.id,tu.nickname,ug.group_id,ug.user_id FROM t_user tu LEFT JOIN t_user_group ug ON tu.id=ug.user_id)uug LEFT JOIN t_group tg ON tg.id=uug.group_id where uug.id=? 
2017/04/06-18:08 [http-nio-8080-exec-2] DEBUG fish.yu.dao.UserMapper.selectGroupsByUserId- ==> Parameters: 2(String)
2017/04/06-18:08 [http-nio-8080-exec-2] DEBUG fish.yu.dao.UserMapper.selectGroupsByUserId- <==      Total: 2
2017/04/06-18:08 [http-nio-8080-exec-2] DEBUG fish.yu.dao.GroupMapper.selectRolesByGroupIds- ==>  Preparing: SELECT ggr.id AS gid,ggr.name AS gname ,ggr.type AS gtype,tr.id AS rid,tr.name AS rname,tr.type AS rtype FROM (SELECT tg.id,tg.name,tg.type,gr.group_id,gr.role_id FROM t_group tg LEFT JOIN t_group_role gr ON tg.id=gr.group_id)ggr LEFT JOIN t_role tr ON ggr.role_id=tr.id WHERE ggr.group_id IN ( ? , ? ) 
2017/04/06-18:08 [http-nio-8080-exec-2] DEBUG fish.yu.dao.GroupMapper.selectRolesByGroupIds- ==> Parameters: 4(String), 6efcff8c5f6c4cbdac720af4116095fe(String)
2017/04/06-18:08 [http-nio-8080-exec-2] DEBUG fish.yu.dao.GroupMapper.selectRolesByGroupIds- <==      Total: 2
2017/04/06-18:08 [http-nio-8080-exec-2] DEBUG fish.yu.dao.RoleMapper.selectPermissionsByRoleIds- ==>  Preparing: SELECT rrp.id as rid,rrp.name AS rname ,rrp.type AS rtype,tp.id As pid,tp.name AS pname,tp.url AS purl FROM (SELECT tr.id,tr.name,tr.type,rp.role_id,rp.permission_id FROM t_role tr LEFT JOIN t_role_permission rp ON tr.id=rp.role_id)rrp LEFT JOIN t_permission tp ON rrp.permission_id=tp.id WHERE rrp.role_id IN ( ? , ? ) 
2017/04/06-18:08 [http-nio-8080-exec-2] DEBUG fish.yu.dao.RoleMapper.selectPermissionsByRoleIds- ==> Parameters: 10(String), 4bead02397d7453ab1fff444400d49f2(String)
2017/04/06-18:08 [http-nio-8080-exec-2] DEBUG fish.yu.dao.RoleMapper.selectPermissionsByRoleIds- <==      Total: 2
2017/04/06-18:08 [http-nio-8080-exec-2] DEBUG fish.yu.dao.UserMapper.selectPage- ==>  Preparing: SELECT id,nickName,pswd AS `password`,salt,email,create_time AS createTime,last_login_time AS lastLoginTime,`status` FROM t_user LIMIT 0,10 
2017/04/06-18:08 [http-nio-8080-exec-2] DEBUG fish.yu.dao.UserMapper.selectPage- ==> Parameters: 
2017/04/06-18:08 [http-nio-8080-exec-2] DEBUG fish.yu.dao.UserMapper.selectPage- <==      Total: 7
2017/04/06-18:08 [http-nio-8080-exec-2] DEBUG fish.yu.dao.UserMapper.selectRolesByUserIds- ==>  Preparing: select uur.id,uur.nickname ,tr.id as rid ,tr.name as rname,tr.type as rtype from (select tu.id,tu.nickname,ur.role_id,ur.user_id from t_user tu left join t_user_role ur on tu.id=ur.user_id)uur left join t_role tr on tr.id=uur.role_id where uur.id in ( ? , ? , ? , ? , ? , ? , ? ) 
2017/04/06-18:08 [http-nio-8080-exec-2] DEBUG fish.yu.dao.UserMapper.selectRolesByUserIds- ==> Parameters: 3(String), 2(String), 1(String), 6(String), 5(String), 41f0adf2e3584e9ca0627e2d62323ca0(String), 4(String)
2017/04/06-18:08 [http-nio-8080-exec-2] DEBUG fish.yu.dao.UserMapper.selectRolesByUserIds- <==      Total: 13
2017/04/06-18:08 [http-nio-8080-exec-2] DEBUG fish.yu.dao.RoleMapper.selectPermissionsByRoleIds- ==>  Preparing: SELECT rrp.id as rid,rrp.name AS rname ,rrp.type AS rtype,tp.id As pid,tp.name AS pname,tp.url AS purl FROM (SELECT tr.id,tr.name,tr.type,rp.role_id,rp.permission_id FROM t_role tr LEFT JOIN t_role_permission rp ON tr.id=rp.role_id)rrp LEFT JOIN t_permission tp ON rrp.permission_id=tp.id WHERE rrp.role_id IN ( ? , ? , ? , ? , ? , ? ) 
2017/04/06-18:08 [http-nio-8080-exec-2] DEBUG fish.yu.dao.RoleMapper.selectPermissionsByRoleIds- ==> Parameters: 3(String), 2(String), 10(String), 1(String), 5(String), 4(String)
2017/04/06-18:08 [http-nio-8080-exec-2] DEBUG fish.yu.dao.RoleMapper.selectPermissionsByRoleIds- <==      Total: 11
2017/04/06-18:08 [http-nio-8080-exec-2] DEBUG fish.yu.dao.UserMapper.selectGroupsByUserIds- ==>  Preparing: SELECT uug.id,uug.nickname ,tg.id AS gid ,tg.name AS gname,tg.type AS gtype FROM (SELECT tu.id,tu.nickname,ug.group_id,ug.user_id FROM t_user tu LEFT JOIN t_user_group ug ON tu.id=ug.user_id)uug LEFT JOIN t_group tg ON tg.id=uug.group_id where uug.id in ( ? , ? , ? , ? , ? , ? , ? ) 
2017/04/06-18:08 [http-nio-8080-exec-2] DEBUG fish.yu.dao.UserMapper.selectGroupsByUserIds- ==> Parameters: 3(String), 2(String), 1(String), 6(String), 5(String), 41f0adf2e3584e9ca0627e2d62323ca0(String), 4(String)
2017/04/06-18:08 [http-nio-8080-exec-2] DEBUG fish.yu.dao.UserMapper.selectGroupsByUserIds- <==      Total: 14
2017/04/06-18:08 [http-nio-8080-exec-2] DEBUG fish.yu.dao.GroupMapper.selectRolesByGroupIds- ==>  Preparing: SELECT ggr.id AS gid,ggr.name AS gname ,ggr.type AS gtype,tr.id AS rid,tr.name AS rname,tr.type AS rtype FROM (SELECT tg.id,tg.name,tg.type,gr.group_id,gr.role_id FROM t_group tg LEFT JOIN t_group_role gr ON tg.id=gr.group_id)ggr LEFT JOIN t_role tr ON ggr.role_id=tr.id WHERE ggr.group_id IN ( ? , ? , ? , ? , ? ) 
2017/04/06-18:08 [http-nio-8080-exec-2] DEBUG fish.yu.dao.GroupMapper.selectRolesByGroupIds- ==> Parameters: 3(String), 2(String), 1(String), 4(String), 6efcff8c5f6c4cbdac720af4116095fe(String)
2017/04/06-18:08 [http-nio-8080-exec-2] DEBUG fish.yu.dao.GroupMapper.selectRolesByGroupIds- <==      Total: 5
2017/04/06-18:08 [http-nio-8080-exec-2] DEBUG fish.yu.dao.RoleMapper.selectPermissionsByRoleIds- ==>  Preparing: SELECT rrp.id as rid,rrp.name AS rname ,rrp.type AS rtype,tp.id As pid,tp.name AS pname,tp.url AS purl FROM (SELECT tr.id,tr.name,tr.type,rp.role_id,rp.permission_id FROM t_role tr LEFT JOIN t_role_permission rp ON tr.id=rp.role_id)rrp LEFT JOIN t_permission tp ON rrp.permission_id=tp.id WHERE rrp.role_id IN ( ? , ? , ? , ? , ? ) 
2017/04/06-18:08 [http-nio-8080-exec-2] DEBUG fish.yu.dao.RoleMapper.selectPermissionsByRoleIds- ==> Parameters: 10(String), 7(String), 4bead02397d7453ab1fff444400d49f2(String), 9(String), 8(String)
2017/04/06-18:08 [http-nio-8080-exec-2] DEBUG fish.yu.dao.RoleMapper.selectPermissionsByRoleIds- <==      Total: 5
2017/04/06-18:08 [http-nio-8080-exec-5] DEBUG fish.yu.dao.UserMapper.selectGroupsByUserId- ==>  Preparing: SELECT uug.id,uug.nickname ,tg.id AS gid ,tg.name AS gname,tg.type AS gtype FROM (SELECT tu.id,tu.nickname,ug.group_id,ug.user_id FROM t_user tu LEFT JOIN t_user_group ug ON tu.id=ug.user_id)uug LEFT JOIN t_group tg ON tg.id=uug.group_id where uug.id=? 
2017/04/06-18:08 [http-nio-8080-exec-5] DEBUG fish.yu.dao.UserMapper.selectGroupsByUserId- ==> Parameters: 2(String)
2017/04/06-18:08 [http-nio-8080-exec-5] DEBUG fish.yu.dao.UserMapper.selectGroupsByUserId- <==      Total: 2
2017/04/06-18:08 [http-nio-8080-exec-5] DEBUG fish.yu.dao.GroupMapper.selectRolesByGroupIds- ==>  Preparing: SELECT ggr.id AS gid,ggr.name AS gname ,ggr.type AS gtype,tr.id AS rid,tr.name AS rname,tr.type AS rtype FROM (SELECT tg.id,tg.name,tg.type,gr.group_id,gr.role_id FROM t_group tg LEFT JOIN t_group_role gr ON tg.id=gr.group_id)ggr LEFT JOIN t_role tr ON ggr.role_id=tr.id WHERE ggr.group_id IN ( ? , ? ) 
2017/04/06-18:08 [http-nio-8080-exec-5] DEBUG fish.yu.dao.GroupMapper.selectRolesByGroupIds- ==> Parameters: 4(String), 6efcff8c5f6c4cbdac720af4116095fe(String)
2017/04/06-18:08 [http-nio-8080-exec-5] DEBUG fish.yu.dao.GroupMapper.selectRolesByGroupIds- <==      Total: 2
2017/04/06-18:08 [http-nio-8080-exec-5] DEBUG fish.yu.dao.RoleMapper.selectPermissionsByRoleIds- ==>  Preparing: SELECT rrp.id as rid,rrp.name AS rname ,rrp.type AS rtype,tp.id As pid,tp.name AS pname,tp.url AS purl FROM (SELECT tr.id,tr.name,tr.type,rp.role_id,rp.permission_id FROM t_role tr LEFT JOIN t_role_permission rp ON tr.id=rp.role_id)rrp LEFT JOIN t_permission tp ON rrp.permission_id=tp.id WHERE rrp.role_id IN ( ? , ? ) 
2017/04/06-18:08 [http-nio-8080-exec-5] DEBUG fish.yu.dao.RoleMapper.selectPermissionsByRoleIds- ==> Parameters: 10(String), 4bead02397d7453ab1fff444400d49f2(String)
2017/04/06-18:08 [http-nio-8080-exec-5] DEBUG fish.yu.dao.RoleMapper.selectPermissionsByRoleIds- <==      Total: 2
2017/04/06-18:08 [http-nio-8080-exec-5] DEBUG fish.yu.dao.UserMapper.selectPage- ==>  Preparing: SELECT id,nickName,pswd AS `password`,salt,email,create_time AS createTime,last_login_time AS lastLoginTime,`status` FROM t_user LIMIT 0,10 
2017/04/06-18:08 [http-nio-8080-exec-5] DEBUG fish.yu.dao.UserMapper.selectPage- ==> Parameters: 
2017/04/06-18:08 [http-nio-8080-exec-5] DEBUG fish.yu.dao.UserMapper.selectPage- <==      Total: 7
2017/04/06-18:08 [http-nio-8080-exec-5] DEBUG fish.yu.dao.UserMapper.selectRolesByUserIds- ==>  Preparing: select uur.id,uur.nickname ,tr.id as rid ,tr.name as rname,tr.type as rtype from (select tu.id,tu.nickname,ur.role_id,ur.user_id from t_user tu left join t_user_role ur on tu.id=ur.user_id)uur left join t_role tr on tr.id=uur.role_id where uur.id in ( ? , ? , ? , ? , ? , ? , ? ) 
2017/04/06-18:08 [http-nio-8080-exec-5] DEBUG fish.yu.dao.UserMapper.selectRolesByUserIds- ==> Parameters: 3(String), 2(String), 1(String), 6(String), 5(String), 41f0adf2e3584e9ca0627e2d62323ca0(String), 4(String)
2017/04/06-18:08 [http-nio-8080-exec-5] DEBUG fish.yu.dao.UserMapper.selectRolesByUserIds- <==      Total: 13
2017/04/06-18:08 [http-nio-8080-exec-5] DEBUG fish.yu.dao.RoleMapper.selectPermissionsByRoleIds- ==>  Preparing: SELECT rrp.id as rid,rrp.name AS rname ,rrp.type AS rtype,tp.id As pid,tp.name AS pname,tp.url AS purl FROM (SELECT tr.id,tr.name,tr.type,rp.role_id,rp.permission_id FROM t_role tr LEFT JOIN t_role_permission rp ON tr.id=rp.role_id)rrp LEFT JOIN t_permission tp ON rrp.permission_id=tp.id WHERE rrp.role_id IN ( ? , ? , ? , ? , ? , ? ) 
2017/04/06-18:08 [http-nio-8080-exec-5] DEBUG fish.yu.dao.RoleMapper.selectPermissionsByRoleIds- ==> Parameters: 3(String), 2(String), 10(String), 1(String), 5(String), 4(String)
2017/04/06-18:08 [http-nio-8080-exec-5] DEBUG fish.yu.dao.RoleMapper.selectPermissionsByRoleIds- <==      Total: 11
2017/04/06-18:08 [http-nio-8080-exec-5] DEBUG fish.yu.dao.UserMapper.selectGroupsByUserIds- ==>  Preparing: SELECT uug.id,uug.nickname ,tg.id AS gid ,tg.name AS gname,tg.type AS gtype FROM (SELECT tu.id,tu.nickname,ug.group_id,ug.user_id FROM t_user tu LEFT JOIN t_user_group ug ON tu.id=ug.user_id)uug LEFT JOIN t_group tg ON tg.id=uug.group_id where uug.id in ( ? , ? , ? , ? , ? , ? , ? ) 
2017/04/06-18:08 [http-nio-8080-exec-5] DEBUG fish.yu.dao.UserMapper.selectGroupsByUserIds- ==> Parameters: 3(String), 2(String), 1(String), 6(String), 5(String), 41f0adf2e3584e9ca0627e2d62323ca0(String), 4(String)
2017/04/06-18:08 [http-nio-8080-exec-5] DEBUG fish.yu.dao.UserMapper.selectGroupsByUserIds- <==      Total: 14
2017/04/06-18:08 [http-nio-8080-exec-5] DEBUG fish.yu.dao.GroupMapper.selectRolesByGroupIds- ==>  Preparing: SELECT ggr.id AS gid,ggr.name AS gname ,ggr.type AS gtype,tr.id AS rid,tr.name AS rname,tr.type AS rtype FROM (SELECT tg.id,tg.name,tg.type,gr.group_id,gr.role_id FROM t_group tg LEFT JOIN t_group_role gr ON tg.id=gr.group_id)ggr LEFT JOIN t_role tr ON ggr.role_id=tr.id WHERE ggr.group_id IN ( ? , ? , ? , ? , ? ) 
2017/04/06-18:08 [http-nio-8080-exec-5] DEBUG fish.yu.dao.GroupMapper.selectRolesByGroupIds- ==> Parameters: 3(String), 2(String), 1(String), 4(String), 6efcff8c5f6c4cbdac720af4116095fe(String)
2017/04/06-18:08 [http-nio-8080-exec-5] DEBUG fish.yu.dao.GroupMapper.selectRolesByGroupIds- <==      Total: 5
2017/04/06-18:08 [http-nio-8080-exec-5] DEBUG fish.yu.dao.RoleMapper.selectPermissionsByRoleIds- ==>  Preparing: SELECT rrp.id as rid,rrp.name AS rname ,rrp.type AS rtype,tp.id As pid,tp.name AS pname,tp.url AS purl FROM (SELECT tr.id,tr.name,tr.type,rp.role_id,rp.permission_id FROM t_role tr LEFT JOIN t_role_permission rp ON tr.id=rp.role_id)rrp LEFT JOIN t_permission tp ON rrp.permission_id=tp.id WHERE rrp.role_id IN ( ? , ? , ? , ? , ? ) 
2017/04/06-18:08 [http-nio-8080-exec-5] DEBUG fish.yu.dao.RoleMapper.selectPermissionsByRoleIds- ==> Parameters: 10(String), 7(String), 4bead02397d7453ab1fff444400d49f2(String), 9(String), 8(String)
2017/04/06-18:08 [http-nio-8080-exec-5] DEBUG fish.yu.dao.RoleMapper.selectPermissionsByRoleIds- <==      Total: 5
2017/04/06-18:17 [http-nio-8080-exec-5] DEBUG fish.yu.dao.UserMapper.selectByMap- ==>  Preparing: SELECT id,nickName,pswd AS `password`,salt,email,create_time AS createTime,last_login_time AS lastLoginTime,`status` FROM t_user WHERE nickname = ? 
2017/04/06-18:17 [http-nio-8080-exec-5] DEBUG fish.yu.dao.UserMapper.selectByMap- ==> Parameters: super(String)
2017/04/06-18:17 [http-nio-8080-exec-5] DEBUG fish.yu.dao.UserMapper.selectByMap- <==      Total: 1
2017/04/06-18:17 [http-nio-8080-exec-5] DEBUG fish.yu.dao.UserMapper.updateById- ==>  Preparing: UPDATE t_user SET nickName=?, pswd=?, salt=?, email=?, create_time=?, last_login_time=?, `status`=? WHERE id=? 
2017/04/06-18:17 [http-nio-8080-exec-5] DEBUG fish.yu.dao.UserMapper.updateById- ==> Parameters: super(String), d830470fea6cfc2d1e1d633486b68249(String), PDU7(String), 136214289@qq.com(String), 2017-03-24 19:20:06.0(Timestamp), 2017-04-06 18:17:03.749(Timestamp), 1(Integer), 1(String)
2017/04/06-18:17 [http-nio-8080-exec-5] DEBUG fish.yu.dao.UserMapper.updateById- <==    Updates: 1
2017/04/06-18:18 [http-nio-8080-exec-4] DEBUG fish.yu.dao.UserMapper.selectRolesByUserId- ==>  Preparing: select uur.id,uur.nickname ,tr.id as rid ,tr.name as rname,tr.type as rtype from (select tu.id,tu.nickname,ur.role_id,ur.user_id from t_user tu left join t_user_role ur on tu.id=ur.user_id)uur left join t_role tr on tr.id=uur.role_id where uur.id=? 
2017/04/06-18:18 [http-nio-8080-exec-4] DEBUG fish.yu.dao.UserMapper.selectRolesByUserId- ==> Parameters: 1(String)
2017/04/06-18:18 [http-nio-8080-exec-4] DEBUG fish.yu.dao.UserMapper.selectRolesByUserId- <==      Total: 6
2017/04/06-18:18 [http-nio-8080-exec-4] DEBUG fish.yu.dao.UserMapper.selectGroupsByUserId- ==>  Preparing: SELECT uug.id,uug.nickname ,tg.id AS gid ,tg.name AS gname,tg.type AS gtype FROM (SELECT tu.id,tu.nickname,ug.group_id,ug.user_id FROM t_user tu LEFT JOIN t_user_group ug ON tu.id=ug.user_id)uug LEFT JOIN t_group tg ON tg.id=uug.group_id where uug.id=? 
2017/04/06-18:18 [http-nio-8080-exec-4] DEBUG fish.yu.dao.UserMapper.selectGroupsByUserId- ==> Parameters: 1(String)
2017/04/06-18:18 [http-nio-8080-exec-4] DEBUG fish.yu.dao.UserMapper.selectGroupsByUserId- <==      Total: 5
2017/04/06-18:18 [http-nio-8080-exec-4] DEBUG fish.yu.dao.GroupMapper.selectRolesByGroupIds- ==>  Preparing: SELECT ggr.id AS gid,ggr.name AS gname ,ggr.type AS gtype,tr.id AS rid,tr.name AS rname,tr.type AS rtype FROM (SELECT tg.id,tg.name,tg.type,gr.group_id,gr.role_id FROM t_group tg LEFT JOIN t_group_role gr ON tg.id=gr.group_id)ggr LEFT JOIN t_role tr ON ggr.role_id=tr.id WHERE ggr.group_id IN ( ? , ? , ? , ? , ? ) 
2017/04/06-18:18 [http-nio-8080-exec-4] DEBUG fish.yu.dao.GroupMapper.selectRolesByGroupIds- ==> Parameters: 3(String), 2(String), 1(String), 4(String), 6efcff8c5f6c4cbdac720af4116095fe(String)
2017/04/06-18:18 [http-nio-8080-exec-4] DEBUG fish.yu.dao.GroupMapper.selectRolesByGroupIds- <==      Total: 5
2017/04/06-18:18 [http-nio-8080-exec-4] DEBUG fish.yu.dao.RoleMapper.selectPermissionsByRoleIds- ==>  Preparing: SELECT rrp.id as rid,rrp.name AS rname ,rrp.type AS rtype,tp.id As pid,tp.name AS pname,tp.url AS purl FROM (SELECT tr.id,tr.name,tr.type,rp.role_id,rp.permission_id FROM t_role tr LEFT JOIN t_role_permission rp ON tr.id=rp.role_id)rrp LEFT JOIN t_permission tp ON rrp.permission_id=tp.id WHERE rrp.role_id IN ( ? , ? , ? , ? , ? ) 
2017/04/06-18:18 [http-nio-8080-exec-4] DEBUG fish.yu.dao.RoleMapper.selectPermissionsByRoleIds- ==> Parameters: 10(String), 7(String), 4bead02397d7453ab1fff444400d49f2(String), 9(String), 8(String)
2017/04/06-18:18 [http-nio-8080-exec-4] DEBUG fish.yu.dao.RoleMapper.selectPermissionsByRoleIds- <==      Total: 5
2017/04/06-18:18 [http-nio-8080-exec-4] DEBUG fish.yu.dao.RoleMapper.selectPermissionsByRoleIds- ==>  Preparing: SELECT rrp.id as rid,rrp.name AS rname ,rrp.type AS rtype,tp.id As pid,tp.name AS pname,tp.url AS purl FROM (SELECT tr.id,tr.name,tr.type,rp.role_id,rp.permission_id FROM t_role tr LEFT JOIN t_role_permission rp ON tr.id=rp.role_id)rrp LEFT JOIN t_permission tp ON rrp.permission_id=tp.id WHERE rrp.role_id IN ( ? , ? , ? , ? , ? , ? ) 
2017/04/06-18:18 [http-nio-8080-exec-4] DEBUG fish.yu.dao.RoleMapper.selectPermissionsByRoleIds- ==> Parameters: 3(String), 2(String), 10(String), 1(String), 5(String), 4(String)
2017/04/06-18:18 [http-nio-8080-exec-4] DEBUG fish.yu.dao.RoleMapper.selectPermissionsByRoleIds- <==      Total: 11
2017/04/06-18:18 [http-nio-8080-exec-8] DEBUG fish.yu.dao.UserMapper.selectGroupsByUserId- ==>  Preparing: SELECT uug.id,uug.nickname ,tg.id AS gid ,tg.name AS gname,tg.type AS gtype FROM (SELECT tu.id,tu.nickname,ug.group_id,ug.user_id FROM t_user tu LEFT JOIN t_user_group ug ON tu.id=ug.user_id)uug LEFT JOIN t_group tg ON tg.id=uug.group_id where uug.id=? 
2017/04/06-18:18 [http-nio-8080-exec-8] DEBUG fish.yu.dao.UserMapper.selectGroupsByUserId- ==> Parameters: 1(String)
2017/04/06-18:18 [http-nio-8080-exec-8] DEBUG fish.yu.dao.UserMapper.selectGroupsByUserId- <==      Total: 5
2017/04/06-18:18 [http-nio-8080-exec-8] DEBUG fish.yu.dao.GroupMapper.selectRolesByGroupIds- ==>  Preparing: SELECT ggr.id AS gid,ggr.name AS gname ,ggr.type AS gtype,tr.id AS rid,tr.name AS rname,tr.type AS rtype FROM (SELECT tg.id,tg.name,tg.type,gr.group_id,gr.role_id FROM t_group tg LEFT JOIN t_group_role gr ON tg.id=gr.group_id)ggr LEFT JOIN t_role tr ON ggr.role_id=tr.id WHERE ggr.group_id IN ( ? , ? , ? , ? , ? ) 
2017/04/06-18:18 [http-nio-8080-exec-8] DEBUG fish.yu.dao.GroupMapper.selectRolesByGroupIds- ==> Parameters: 3(String), 2(String), 1(String), 4(String), 6efcff8c5f6c4cbdac720af4116095fe(String)
2017/04/06-18:18 [http-nio-8080-exec-8] DEBUG fish.yu.dao.GroupMapper.selectRolesByGroupIds- <==      Total: 5
2017/04/06-18:18 [http-nio-8080-exec-8] DEBUG fish.yu.dao.RoleMapper.selectPermissionsByRoleIds- ==>  Preparing: SELECT rrp.id as rid,rrp.name AS rname ,rrp.type AS rtype,tp.id As pid,tp.name AS pname,tp.url AS purl FROM (SELECT tr.id,tr.name,tr.type,rp.role_id,rp.permission_id FROM t_role tr LEFT JOIN t_role_permission rp ON tr.id=rp.role_id)rrp LEFT JOIN t_permission tp ON rrp.permission_id=tp.id WHERE rrp.role_id IN ( ? , ? , ? , ? , ? ) 
2017/04/06-18:18 [http-nio-8080-exec-8] DEBUG fish.yu.dao.RoleMapper.selectPermissionsByRoleIds- ==> Parameters: 10(String), 7(String), 4bead02397d7453ab1fff444400d49f2(String), 9(String), 8(String)
2017/04/06-18:18 [http-nio-8080-exec-8] DEBUG fish.yu.dao.RoleMapper.selectPermissionsByRoleIds- <==      Total: 5
2017/04/06-18:18 [http-nio-8080-exec-8] DEBUG fish.yu.dao.UserMapper.selectPage- ==>  Preparing: SELECT id,nickName,pswd AS `password`,salt,email,create_time AS createTime,last_login_time AS lastLoginTime,`status` FROM t_user LIMIT 0,10 
2017/04/06-18:18 [http-nio-8080-exec-8] DEBUG fish.yu.dao.UserMapper.selectPage- ==> Parameters: 
2017/04/06-18:18 [http-nio-8080-exec-8] DEBUG fish.yu.dao.UserMapper.selectPage- <==      Total: 7
2017/04/06-18:18 [http-nio-8080-exec-8] DEBUG fish.yu.dao.UserMapper.selectRolesByUserIds- ==>  Preparing: select uur.id,uur.nickname ,tr.id as rid ,tr.name as rname,tr.type as rtype from (select tu.id,tu.nickname,ur.role_id,ur.user_id from t_user tu left join t_user_role ur on tu.id=ur.user_id)uur left join t_role tr on tr.id=uur.role_id where uur.id in ( ? , ? , ? , ? , ? , ? , ? ) 
2017/04/06-18:18 [http-nio-8080-exec-8] DEBUG fish.yu.dao.UserMapper.selectRolesByUserIds- ==> Parameters: 3(String), 2(String), 1(String), 6(String), 5(String), 41f0adf2e3584e9ca0627e2d62323ca0(String), 4(String)
2017/04/06-18:18 [http-nio-8080-exec-8] DEBUG fish.yu.dao.UserMapper.selectRolesByUserIds- <==      Total: 13
2017/04/06-18:18 [http-nio-8080-exec-8] DEBUG fish.yu.dao.RoleMapper.selectPermissionsByRoleIds- ==>  Preparing: SELECT rrp.id as rid,rrp.name AS rname ,rrp.type AS rtype,tp.id As pid,tp.name AS pname,tp.url AS purl FROM (SELECT tr.id,tr.name,tr.type,rp.role_id,rp.permission_id FROM t_role tr LEFT JOIN t_role_permission rp ON tr.id=rp.role_id)rrp LEFT JOIN t_permission tp ON rrp.permission_id=tp.id WHERE rrp.role_id IN ( ? , ? , ? , ? , ? , ? ) 
2017/04/06-18:18 [http-nio-8080-exec-8] DEBUG fish.yu.dao.RoleMapper.selectPermissionsByRoleIds- ==> Parameters: 3(String), 2(String), 10(String), 1(String), 5(String), 4(String)
2017/04/06-18:18 [http-nio-8080-exec-8] DEBUG fish.yu.dao.RoleMapper.selectPermissionsByRoleIds- <==      Total: 11
2017/04/06-18:18 [http-nio-8080-exec-8] DEBUG fish.yu.dao.UserMapper.selectGroupsByUserIds- ==>  Preparing: SELECT uug.id,uug.nickname ,tg.id AS gid ,tg.name AS gname,tg.type AS gtype FROM (SELECT tu.id,tu.nickname,ug.group_id,ug.user_id FROM t_user tu LEFT JOIN t_user_group ug ON tu.id=ug.user_id)uug LEFT JOIN t_group tg ON tg.id=uug.group_id where uug.id in ( ? , ? , ? , ? , ? , ? , ? ) 
2017/04/06-18:18 [http-nio-8080-exec-8] DEBUG fish.yu.dao.UserMapper.selectGroupsByUserIds- ==> Parameters: 3(String), 2(String), 1(String), 6(String), 5(String), 41f0adf2e3584e9ca0627e2d62323ca0(String), 4(String)
2017/04/06-18:18 [http-nio-8080-exec-8] DEBUG fish.yu.dao.UserMapper.selectGroupsByUserIds- <==      Total: 14
2017/04/06-18:18 [http-nio-8080-exec-8] DEBUG fish.yu.dao.GroupMapper.selectRolesByGroupIds- ==>  Preparing: SELECT ggr.id AS gid,ggr.name AS gname ,ggr.type AS gtype,tr.id AS rid,tr.name AS rname,tr.type AS rtype FROM (SELECT tg.id,tg.name,tg.type,gr.group_id,gr.role_id FROM t_group tg LEFT JOIN t_group_role gr ON tg.id=gr.group_id)ggr LEFT JOIN t_role tr ON ggr.role_id=tr.id WHERE ggr.group_id IN ( ? , ? , ? , ? , ? ) 
2017/04/06-18:18 [http-nio-8080-exec-8] DEBUG fish.yu.dao.GroupMapper.selectRolesByGroupIds- ==> Parameters: 3(String), 2(String), 1(String), 4(String), 6efcff8c5f6c4cbdac720af4116095fe(String)
2017/04/06-18:18 [http-nio-8080-exec-8] DEBUG fish.yu.dao.GroupMapper.selectRolesByGroupIds- <==      Total: 5
2017/04/06-18:18 [http-nio-8080-exec-8] DEBUG fish.yu.dao.RoleMapper.selectPermissionsByRoleIds- ==>  Preparing: SELECT rrp.id as rid,rrp.name AS rname ,rrp.type AS rtype,tp.id As pid,tp.name AS pname,tp.url AS purl FROM (SELECT tr.id,tr.name,tr.type,rp.role_id,rp.permission_id FROM t_role tr LEFT JOIN t_role_permission rp ON tr.id=rp.role_id)rrp LEFT JOIN t_permission tp ON rrp.permission_id=tp.id WHERE rrp.role_id IN ( ? , ? , ? , ? , ? ) 
2017/04/06-18:18 [http-nio-8080-exec-8] DEBUG fish.yu.dao.RoleMapper.selectPermissionsByRoleIds- ==> Parameters: 10(String), 7(String), 4bead02397d7453ab1fff444400d49f2(String), 9(String), 8(String)
2017/04/06-18:18 [http-nio-8080-exec-8] DEBUG fish.yu.dao.RoleMapper.selectPermissionsByRoleIds- <==      Total: 5
2017/04/06-18:18 [http-nio-8080-exec-1] DEBUG fish.yu.dao.UserMapper.selectGroupsByUserId- ==>  Preparing: SELECT uug.id,uug.nickname ,tg.id AS gid ,tg.name AS gname,tg.type AS gtype FROM (SELECT tu.id,tu.nickname,ug.group_id,ug.user_id FROM t_user tu LEFT JOIN t_user_group ug ON tu.id=ug.user_id)uug LEFT JOIN t_group tg ON tg.id=uug.group_id where uug.id=? 
2017/04/06-18:18 [http-nio-8080-exec-1] DEBUG fish.yu.dao.UserMapper.selectGroupsByUserId- ==> Parameters: 1(String)
2017/04/06-18:18 [http-nio-8080-exec-1] DEBUG fish.yu.dao.UserMapper.selectGroupsByUserId- <==      Total: 5
2017/04/06-18:18 [http-nio-8080-exec-1] DEBUG fish.yu.dao.GroupMapper.selectRolesByGroupIds- ==>  Preparing: SELECT ggr.id AS gid,ggr.name AS gname ,ggr.type AS gtype,tr.id AS rid,tr.name AS rname,tr.type AS rtype FROM (SELECT tg.id,tg.name,tg.type,gr.group_id,gr.role_id FROM t_group tg LEFT JOIN t_group_role gr ON tg.id=gr.group_id)ggr LEFT JOIN t_role tr ON ggr.role_id=tr.id WHERE ggr.group_id IN ( ? , ? , ? , ? , ? ) 
2017/04/06-18:18 [http-nio-8080-exec-1] DEBUG fish.yu.dao.GroupMapper.selectRolesByGroupIds- ==> Parameters: 3(String), 2(String), 1(String), 4(String), 6efcff8c5f6c4cbdac720af4116095fe(String)
2017/04/06-18:18 [http-nio-8080-exec-1] DEBUG fish.yu.dao.GroupMapper.selectRolesByGroupIds- <==      Total: 5
2017/04/06-18:18 [http-nio-8080-exec-1] DEBUG fish.yu.dao.RoleMapper.selectPermissionsByRoleIds- ==>  Preparing: SELECT rrp.id as rid,rrp.name AS rname ,rrp.type AS rtype,tp.id As pid,tp.name AS pname,tp.url AS purl FROM (SELECT tr.id,tr.name,tr.type,rp.role_id,rp.permission_id FROM t_role tr LEFT JOIN t_role_permission rp ON tr.id=rp.role_id)rrp LEFT JOIN t_permission tp ON rrp.permission_id=tp.id WHERE rrp.role_id IN ( ? , ? , ? , ? , ? ) 
2017/04/06-18:18 [http-nio-8080-exec-1] DEBUG fish.yu.dao.RoleMapper.selectPermissionsByRoleIds- ==> Parameters: 10(String), 7(String), 4bead02397d7453ab1fff444400d49f2(String), 9(String), 8(String)
2017/04/06-18:18 [http-nio-8080-exec-1] DEBUG fish.yu.dao.RoleMapper.selectPermissionsByRoleIds- <==      Total: 5
2017/04/06-18:18 [http-nio-8080-exec-1] DEBUG fish.yu.dao.PermissionMapper.selectPage- ==>  Preparing: SELECT id,url,`name` FROM t_permission LIMIT 0,10 
2017/04/06-18:18 [http-nio-8080-exec-1] DEBUG fish.yu.dao.PermissionMapper.selectPage- ==> Parameters: 
2017/04/06-18:18 [http-nio-8080-exec-1] DEBUG fish.yu.dao.PermissionMapper.selectPage- <==      Total: 10
2017/04/06-18:18 [http-nio-8080-exec-10] DEBUG fish.yu.dao.UserMapper.selectGroupsByUserId- ==>  Preparing: SELECT uug.id,uug.nickname ,tg.id AS gid ,tg.name AS gname,tg.type AS gtype FROM (SELECT tu.id,tu.nickname,ug.group_id,ug.user_id FROM t_user tu LEFT JOIN t_user_group ug ON tu.id=ug.user_id)uug LEFT JOIN t_group tg ON tg.id=uug.group_id where uug.id=? 
2017/04/06-18:18 [http-nio-8080-exec-10] DEBUG fish.yu.dao.UserMapper.selectGroupsByUserId- ==> Parameters: 1(String)
2017/04/06-18:18 [http-nio-8080-exec-10] DEBUG fish.yu.dao.UserMapper.selectGroupsByUserId- <==      Total: 5
2017/04/06-18:18 [http-nio-8080-exec-10] DEBUG fish.yu.dao.GroupMapper.selectRolesByGroupIds- ==>  Preparing: SELECT ggr.id AS gid,ggr.name AS gname ,ggr.type AS gtype,tr.id AS rid,tr.name AS rname,tr.type AS rtype FROM (SELECT tg.id,tg.name,tg.type,gr.group_id,gr.role_id FROM t_group tg LEFT JOIN t_group_role gr ON tg.id=gr.group_id)ggr LEFT JOIN t_role tr ON ggr.role_id=tr.id WHERE ggr.group_id IN ( ? , ? , ? , ? , ? ) 
2017/04/06-18:18 [http-nio-8080-exec-10] DEBUG fish.yu.dao.GroupMapper.selectRolesByGroupIds- ==> Parameters: 3(String), 2(String), 1(String), 4(String), 6efcff8c5f6c4cbdac720af4116095fe(String)
2017/04/06-18:18 [http-nio-8080-exec-10] DEBUG fish.yu.dao.GroupMapper.selectRolesByGroupIds- <==      Total: 5
2017/04/06-18:18 [http-nio-8080-exec-10] DEBUG fish.yu.dao.RoleMapper.selectPermissionsByRoleIds- ==>  Preparing: SELECT rrp.id as rid,rrp.name AS rname ,rrp.type AS rtype,tp.id As pid,tp.name AS pname,tp.url AS purl FROM (SELECT tr.id,tr.name,tr.type,rp.role_id,rp.permission_id FROM t_role tr LEFT JOIN t_role_permission rp ON tr.id=rp.role_id)rrp LEFT JOIN t_permission tp ON rrp.permission_id=tp.id WHERE rrp.role_id IN ( ? , ? , ? , ? , ? ) 
2017/04/06-18:18 [http-nio-8080-exec-10] DEBUG fish.yu.dao.RoleMapper.selectPermissionsByRoleIds- ==> Parameters: 10(String), 7(String), 4bead02397d7453ab1fff444400d49f2(String), 9(String), 8(String)
2017/04/06-18:18 [http-nio-8080-exec-10] DEBUG fish.yu.dao.RoleMapper.selectPermissionsByRoleIds- <==      Total: 5
2017/04/06-18:18 [http-nio-8080-exec-10] DEBUG fish.yu.dao.RoleMapper.selectPage- ==>  Preparing: SELECT id,`name`,`type` FROM t_role LIMIT 0,10 
2017/04/06-18:18 [http-nio-8080-exec-10] DEBUG fish.yu.dao.RoleMapper.selectPage- ==> Parameters: 
2017/04/06-18:18 [http-nio-8080-exec-10] DEBUG fish.yu.dao.RoleMapper.selectPage- <==      Total: 10
2017/04/06-18:18 [http-nio-8080-exec-10] DEBUG fish.yu.dao.RoleMapper.selectPermissionsByRoleIds- ==>  Preparing: SELECT rrp.id as rid,rrp.name AS rname ,rrp.type AS rtype,tp.id As pid,tp.name AS pname,tp.url AS purl FROM (SELECT tr.id,tr.name,tr.type,rp.role_id,rp.permission_id FROM t_role tr LEFT JOIN t_role_permission rp ON tr.id=rp.role_id)rrp LEFT JOIN t_permission tp ON rrp.permission_id=tp.id WHERE rrp.role_id IN ( ? , ? , ? , ? , ? , ? , ? , ? , ? , ? ) 
2017/04/06-18:18 [http-nio-8080-exec-10] DEBUG fish.yu.dao.RoleMapper.selectPermissionsByRoleIds- ==> Parameters: 3(String), 1(String), 10(String), 7(String), 5(String), 38d5f2c208d44e0ba007b502e8d16caf(String), 4(String), 4bead02397d7453ab1fff444400d49f2(String), 9(String), 8(String)
2017/04/06-18:18 [http-nio-8080-exec-10] DEBUG fish.yu.dao.RoleMapper.selectPermissionsByRoleIds- <==      Total: 14
2017/04/06-18:18 [http-nio-8080-exec-6] DEBUG fish.yu.dao.UserMapper.selectGroupsByUserId- ==>  Preparing: SELECT uug.id,uug.nickname ,tg.id AS gid ,tg.name AS gname,tg.type AS gtype FROM (SELECT tu.id,tu.nickname,ug.group_id,ug.user_id FROM t_user tu LEFT JOIN t_user_group ug ON tu.id=ug.user_id)uug LEFT JOIN t_group tg ON tg.id=uug.group_id where uug.id=? 
2017/04/06-18:18 [http-nio-8080-exec-6] DEBUG fish.yu.dao.UserMapper.selectGroupsByUserId- ==> Parameters: 1(String)
2017/04/06-18:18 [http-nio-8080-exec-6] DEBUG fish.yu.dao.UserMapper.selectGroupsByUserId- <==      Total: 5
2017/04/06-18:18 [http-nio-8080-exec-6] DEBUG fish.yu.dao.GroupMapper.selectRolesByGroupIds- ==>  Preparing: SELECT ggr.id AS gid,ggr.name AS gname ,ggr.type AS gtype,tr.id AS rid,tr.name AS rname,tr.type AS rtype FROM (SELECT tg.id,tg.name,tg.type,gr.group_id,gr.role_id FROM t_group tg LEFT JOIN t_group_role gr ON tg.id=gr.group_id)ggr LEFT JOIN t_role tr ON ggr.role_id=tr.id WHERE ggr.group_id IN ( ? , ? , ? , ? , ? ) 
2017/04/06-18:18 [http-nio-8080-exec-6] DEBUG fish.yu.dao.GroupMapper.selectRolesByGroupIds- ==> Parameters: 3(String), 2(String), 1(String), 4(String), 6efcff8c5f6c4cbdac720af4116095fe(String)
2017/04/06-18:18 [http-nio-8080-exec-6] DEBUG fish.yu.dao.GroupMapper.selectRolesByGroupIds- <==      Total: 5
2017/04/06-18:18 [http-nio-8080-exec-6] DEBUG fish.yu.dao.RoleMapper.selectPermissionsByRoleIds- ==>  Preparing: SELECT rrp.id as rid,rrp.name AS rname ,rrp.type AS rtype,tp.id As pid,tp.name AS pname,tp.url AS purl FROM (SELECT tr.id,tr.name,tr.type,rp.role_id,rp.permission_id FROM t_role tr LEFT JOIN t_role_permission rp ON tr.id=rp.role_id)rrp LEFT JOIN t_permission tp ON rrp.permission_id=tp.id WHERE rrp.role_id IN ( ? , ? , ? , ? , ? ) 
2017/04/06-18:18 [http-nio-8080-exec-6] DEBUG fish.yu.dao.RoleMapper.selectPermissionsByRoleIds- ==> Parameters: 10(String), 7(String), 4bead02397d7453ab1fff444400d49f2(String), 9(String), 8(String)
2017/04/06-18:18 [http-nio-8080-exec-6] DEBUG fish.yu.dao.RoleMapper.selectPermissionsByRoleIds- <==      Total: 5
2017/04/06-18:18 [http-nio-8080-exec-6] DEBUG fish.yu.dao.UserMapper.selectPage- ==>  Preparing: SELECT id,nickName,pswd AS `password`,salt,email,create_time AS createTime,last_login_time AS lastLoginTime,`status` FROM t_user LIMIT 0,10 
2017/04/06-18:18 [http-nio-8080-exec-6] DEBUG fish.yu.dao.UserMapper.selectPage- ==> Parameters: 
2017/04/06-18:18 [http-nio-8080-exec-6] DEBUG fish.yu.dao.UserMapper.selectPage- <==      Total: 7
2017/04/06-18:18 [http-nio-8080-exec-6] DEBUG fish.yu.dao.UserMapper.selectRolesByUserIds- ==>  Preparing: select uur.id,uur.nickname ,tr.id as rid ,tr.name as rname,tr.type as rtype from (select tu.id,tu.nickname,ur.role_id,ur.user_id from t_user tu left join t_user_role ur on tu.id=ur.user_id)uur left join t_role tr on tr.id=uur.role_id where uur.id in ( ? , ? , ? , ? , ? , ? , ? ) 
2017/04/06-18:18 [http-nio-8080-exec-6] DEBUG fish.yu.dao.UserMapper.selectRolesByUserIds- ==> Parameters: 3(String), 2(String), 1(String), 6(String), 5(String), 41f0adf2e3584e9ca0627e2d62323ca0(String), 4(String)
2017/04/06-18:18 [http-nio-8080-exec-6] DEBUG fish.yu.dao.UserMapper.selectRolesByUserIds- <==      Total: 13
2017/04/06-18:18 [http-nio-8080-exec-6] DEBUG fish.yu.dao.RoleMapper.selectPermissionsByRoleIds- ==>  Preparing: SELECT rrp.id as rid,rrp.name AS rname ,rrp.type AS rtype,tp.id As pid,tp.name AS pname,tp.url AS purl FROM (SELECT tr.id,tr.name,tr.type,rp.role_id,rp.permission_id FROM t_role tr LEFT JOIN t_role_permission rp ON tr.id=rp.role_id)rrp LEFT JOIN t_permission tp ON rrp.permission_id=tp.id WHERE rrp.role_id IN ( ? , ? , ? , ? , ? , ? ) 
2017/04/06-18:18 [http-nio-8080-exec-6] DEBUG fish.yu.dao.RoleMapper.selectPermissionsByRoleIds- ==> Parameters: 3(String), 2(String), 10(String), 1(String), 5(String), 4(String)
2017/04/06-18:18 [http-nio-8080-exec-6] DEBUG fish.yu.dao.RoleMapper.selectPermissionsByRoleIds- <==      Total: 11
2017/04/06-18:18 [http-nio-8080-exec-6] DEBUG fish.yu.dao.UserMapper.selectGroupsByUserIds- ==>  Preparing: SELECT uug.id,uug.nickname ,tg.id AS gid ,tg.name AS gname,tg.type AS gtype FROM (SELECT tu.id,tu.nickname,ug.group_id,ug.user_id FROM t_user tu LEFT JOIN t_user_group ug ON tu.id=ug.user_id)uug LEFT JOIN t_group tg ON tg.id=uug.group_id where uug.id in ( ? , ? , ? , ? , ? , ? , ? ) 
2017/04/06-18:18 [http-nio-8080-exec-6] DEBUG fish.yu.dao.UserMapper.selectGroupsByUserIds- ==> Parameters: 3(String), 2(String), 1(String), 6(String), 5(String), 41f0adf2e3584e9ca0627e2d62323ca0(String), 4(String)
2017/04/06-18:18 [http-nio-8080-exec-6] DEBUG fish.yu.dao.UserMapper.selectGroupsByUserIds- <==      Total: 14
2017/04/06-18:18 [http-nio-8080-exec-6] DEBUG fish.yu.dao.GroupMapper.selectRolesByGroupIds- ==>  Preparing: SELECT ggr.id AS gid,ggr.name AS gname ,ggr.type AS gtype,tr.id AS rid,tr.name AS rname,tr.type AS rtype FROM (SELECT tg.id,tg.name,tg.type,gr.group_id,gr.role_id FROM t_group tg LEFT JOIN t_group_role gr ON tg.id=gr.group_id)ggr LEFT JOIN t_role tr ON ggr.role_id=tr.id WHERE ggr.group_id IN ( ? , ? , ? , ? , ? ) 
2017/04/06-18:18 [http-nio-8080-exec-6] DEBUG fish.yu.dao.GroupMapper.selectRolesByGroupIds- ==> Parameters: 3(String), 2(String), 1(String), 4(String), 6efcff8c5f6c4cbdac720af4116095fe(String)
2017/04/06-18:18 [http-nio-8080-exec-6] DEBUG fish.yu.dao.GroupMapper.selectRolesByGroupIds- <==      Total: 5
2017/04/06-18:18 [http-nio-8080-exec-6] DEBUG fish.yu.dao.RoleMapper.selectPermissionsByRoleIds- ==>  Preparing: SELECT rrp.id as rid,rrp.name AS rname ,rrp.type AS rtype,tp.id As pid,tp.name AS pname,tp.url AS purl FROM (SELECT tr.id,tr.name,tr.type,rp.role_id,rp.permission_id FROM t_role tr LEFT JOIN t_role_permission rp ON tr.id=rp.role_id)rrp LEFT JOIN t_permission tp ON rrp.permission_id=tp.id WHERE rrp.role_id IN ( ? , ? , ? , ? , ? ) 
2017/04/06-18:18 [http-nio-8080-exec-6] DEBUG fish.yu.dao.RoleMapper.selectPermissionsByRoleIds- ==> Parameters: 10(String), 7(String), 4bead02397d7453ab1fff444400d49f2(String), 9(String), 8(String)
2017/04/06-18:18 [http-nio-8080-exec-6] DEBUG fish.yu.dao.RoleMapper.selectPermissionsByRoleIds- <==      Total: 5
